<?xml version="1.0" encoding="UTF-8"?>
<!-- Generated by org.testng.reporters.JUnitReportReporter -->
<testsuite hostname="LAPTOP-AS1U2ANL" failures="0" tests="1" name="test.Demo" time="14.687" errors="0" timestamp="2023-02-24T21:48:36 IST" skipped="0">
  <testcase classname="test.Demo" name="show" time="14.687"/>
  <system-out/>
</testsuite> <!-- test.Demo -->
